app/build/intermediates/manifest_merge_blame_file/release/processReleaseMainManifest/manifest-merger-blame-release-report.txt
1<?xml version="1.0" encoding="utf-8"?>
2<manifest xmlns:android="http://schemas.android.com/apk/res/android"
3    package="com.myAgeEducation.cbseClass6New"
4    android:versionCode="20"
5    android:versionName="1.20" >
6
7    <uses-sdk
7-->INJECTED
8        android:minSdkVersion="26"
8-->INJECTED
9        android:targetSdkVersion="37" />
9-->INJECTED
10
11    <uses-permission android:name="android.permission.INTERNET" />
11-->src\main\AndroidManifest.xml:4:5-67
11-->src\main\AndroidManifest.xml:4:22-64
12    <uses-permission android:name="android.permission.ACCESS_WIFI_STATE" />
12-->src\main\AndroidManifest.xml:5:5-76
12-->src\main\AndroidManifest.xml:5:22-73
13    <uses-permission android:name="android.permission.ACCESS_NETWORK_STATE" />
13-->src\main\AndroidManifest.xml:6:5-79
13-->src\main\AndroidManifest.xml:6:22-76
14    <uses-permission android:name="com.google.android.gms.permission.AD_ID" />
14-->[com.google.android.gms:play-services-ads-api:25.4.0] AndroidManifest.xml:26:5-79
14-->[com.google.android.gms:play-services-ads-api:25.4.0] AndroidManifest.xml:26:22-76
15    <uses-permission android:name="android.permission.ACCESS_ADSERVICES_AD_ID" />
15-->[com.google.android.gms:play-services-ads-api:25.4.0] AndroidManifest.xml:27:5-82
15-->[com.google.android.gms:play-services-ads-api:25.4.0] AndroidManifest.xml:27:22-79
16    <uses-permission android:name="android.permission.ACCESS_ADSERVICES_ATTRIBUTION" />
16-->[com.google.android.gms:play-services-ads-api:25.4.0] AndroidManifest.xml:28:5-88
16-->[com.google.android.gms:play-services-ads-api:25.4.0] AndroidManifest.xml:28:22-85
17    <uses-permission android:name="android.permission.ACCESS_ADSERVICES_TOPICS" /> <!-- Android package visibility setting -->
17-->[com.google.android.gms:play-services-ads-api:25.4.0] AndroidManifest.xml:29:5-83
17-->[com.google.android.gms:play-services-ads-api:25.4.0] AndroidManifest.xml:29:22-80
18    <queries>
18-->[com.google.android.gms:play-services-ads-api:25.4.0] AndroidManifest.xml:35:5-68:15
19
20        <!-- For browser content -->
21        <intent>
21-->[com.google.android.gms:play-services-ads-api:25.4.0] AndroidManifest.xml:38:9-44:18
22            <action android:name="android.intent.action.VIEW" />
22-->[com.google.firebase:firebase-auth:24.1.0] AndroidManifest.xml:36:17-69
22-->[com.google.firebase:firebase-auth:24.1.0] AndroidManifest.xml:36:25-66
23
24            <category android:name="android.intent.category.BROWSABLE" />
24-->[com.google.firebase:firebase-auth:24.1.0] AndroidManifest.xml:39:17-78
24-->[com.google.firebase:firebase-auth:24.1.0] AndroidManifest.xml:39:27-75
25
26            <data android:scheme="https" />
26-->[com.google.firebase:firebase-auth:24.1.0] AndroidManifest.xml:41:17-44:51
26-->[com.google.firebase:firebase-auth:24.1.0] AndroidManifest.xml:44:21-48
27        </intent>
28        <!-- End of browser content -->
29        <!-- For CustomTabsService -->
30        <intent>
30-->[com.google.android.gms:play-services-ads-api:25.4.0] AndroidManifest.xml:47:9-49:18
31            <action android:name="android.support.customtabs.action.CustomTabsService" />
31-->[com.google.android.gms:play-services-ads-api:25.4.0] AndroidManifest.xml:48:13-90
31-->[com.google.android.gms:play-services-ads-api:25.4.0] AndroidManifest.xml:48:21-87
32        </intent>
33        <!-- End of CustomTabsService -->
34        <!-- For MRAID capabilities -->
35        <intent>
35-->[com.google.android.gms:play-services-ads-api:25.4.0] AndroidManifest.xml:52:9-56:18
36            <action android:name="android.intent.action.INSERT" />
36-->[com.google.android.gms:play-services-ads-api:25.4.0] AndroidManifest.xml:53:13-67
36-->[com.google.android.gms:play-services-ads-api:25.4.0] AndroidManifest.xml:53:21-64
37
38            <data android:mimeType="vnd.android.cursor.dir/event" />
38-->[com.google.firebase:firebase-auth:24.1.0] AndroidManifest.xml:41:17-44:51
39        </intent>
40        <intent>
40-->[com.google.android.gms:play-services-ads-api:25.4.0] AndroidManifest.xml:57:9-61:18
41            <action android:name="android.intent.action.VIEW" />
41-->[com.google.firebase:firebase-auth:24.1.0] AndroidManifest.xml:36:17-69
41-->[com.google.firebase:firebase-auth:24.1.0] AndroidManifest.xml:36:25-66
42
43            <data android:scheme="sms" />
43-->[com.google.firebase:firebase-auth:24.1.0] AndroidManifest.xml:41:17-44:51
43-->[com.google.firebase:firebase-auth:24.1.0] AndroidManifest.xml:44:21-48
44        </intent>
45        <intent>
45-->[com.google.android.gms:play-services-ads-api:25.4.0] AndroidManifest.xml:62:9-66:18
46            <action android:name="android.intent.action.DIAL" />
46-->[com.google.android.gms:play-services-ads-api:25.4.0] AndroidManifest.xml:63:13-65
46-->[com.google.android.gms:play-services-ads-api:25.4.0] AndroidManifest.xml:63:21-62
47
48            <data android:path="tel:" />
48-->[com.google.firebase:firebase-auth:24.1.0] AndroidManifest.xml:41:17-44:51
48-->[com.google.firebase:firebase-auth:24.1.0] AndroidManifest.xml:43:21-37
49        </intent>
50        <!-- End of MRAID capabilities -->
51        <package android:name="com.android.vending" />
51-->[com.google.android.play:hsdp:2.0.1] AndroidManifest.xml:8:9-55
51-->[com.google.android.play:hsdp:2.0.1] AndroidManifest.xml:8:18-52
52    </queries>
53
54    <uses-permission android:name="com.google.android.providers.gsf.permission.READ_GSERVICES" />
54-->[com.google.android.recaptcha:recaptcha:18.6.1] AndroidManifest.xml:9:5-98
54-->[com.google.android.recaptcha:recaptcha:18.6.1] AndroidManifest.xml:9:22-95
55    <uses-permission android:name="android.permission.WAKE_LOCK" />
55-->[com.google.android.gms:play-services-measurement-sdk-api:20.1.2] AndroidManifest.xml:25:5-68
55-->[com.google.android.gms:play-services-measurement-sdk-api:20.1.2] AndroidManifest.xml:25:22-65
56    <uses-permission android:name="android.permission.FOREGROUND_SERVICE" />
56-->[androidx.work:work-runtime:2.7.0] AndroidManifest.xml:28:5-77
56-->[androidx.work:work-runtime:2.7.0] AndroidManifest.xml:28:22-74
57
58    <permission
58-->[androidx.core:core:1.10.1] AndroidManifest.xml:22:5-24:47
59        android:name="com.myAgeEducation.cbseClass6New.DYNAMIC_RECEIVER_NOT_EXPORTED_PERMISSION"
59-->[androidx.core:core:1.10.1] AndroidManifest.xml:23:9-81
60        android:protectionLevel="signature" />
60-->[androidx.core:core:1.10.1] AndroidManifest.xml:24:9-44
61
62    <uses-permission android:name="com.myAgeEducation.cbseClass6New.DYNAMIC_RECEIVER_NOT_EXPORTED_PERMISSION" />
62-->[androidx.core:core:1.10.1] AndroidManifest.xml:26:5-97
62-->[androidx.core:core:1.10.1] AndroidManifest.xml:26:22-94
63
64    <application
64-->src\main\AndroidManifest.xml:8:5-163:19
65        android:name="com.myAgeEducation.cbseClass6New.CbseApplication"
65-->src\main\AndroidManifest.xml:10:9-72
66        android:allowBackup="true"
66-->[:cbsecommon_aar-release] AndroidManifest.xml:14:9-35
67        android:appComponentFactory="androidx.core.app.CoreComponentFactory"
67-->[androidx.core:core:1.10.1] AndroidManifest.xml:28:18-86
68        android:extractNativeLibs="false"
68-->INJECTED
69        android:icon="@drawable/ic_launcher"
69-->src\main\AndroidManifest.xml:11:9-45
70        android:label="@string/app_name"
70-->src\main\AndroidManifest.xml:12:9-41
71        android:supportsRtl="true"
71-->[:cbsecommon_aar-release] AndroidManifest.xml:16:9-35
72        android:theme="@style/AppTheme" >
72-->src\main\AndroidManifest.xml:13:9-40
73
74        <!--
75             admob metadata is the requirement of the future AdMob SDK and is not required now
76             To make it future-proof, it is included with Ver 1.3
77             ca-app-pub-4837855590190532~3924821159 is app id of CBSE-6 in AdMob
78        -->
79        <meta-data
79-->src\main\AndroidManifest.xml:18:9-20:69
80            android:name="com.google.android.gms.ads.APPLICATION_ID"
80-->src\main\AndroidManifest.xml:19:13-69
81            android:value="ca-app-pub-4837855590190532~3924821159" />
81-->src\main\AndroidManifest.xml:20:13-67
82
83        <activity
83-->src\main\AndroidManifest.xml:22:9-27:20
84            android:name="com.myAgeEducation.cbseClass6New.QuestionPage"
84-->src\main\AndroidManifest.xml:23:13-73
85            android:label="Test"
85-->src\main\AndroidManifest.xml:24:13-33
86            android:screenOrientation="portrait"
86-->src\main\AndroidManifest.xml:25:13-49
87            android:theme="@android:style/Theme.Light.NoTitleBar.Fullscreen" >
87-->src\main\AndroidManifest.xml:26:13-77
88        </activity>
89        <activity
89-->src\main\AndroidManifest.xml:28:9-32:20
90            android:name="com.myAgeEducation.cbseClass6New.SupportiveTextLargeView"
90-->src\main\AndroidManifest.xml:29:13-84
91            android:screenOrientation="portrait"
91-->src\main\AndroidManifest.xml:30:13-49
92            android:theme="@android:style/Theme.Light.NoTitleBar.Fullscreen" >
92-->src\main\AndroidManifest.xml:31:13-77
93        </activity>
94        <activity
94-->src\main\AndroidManifest.xml:33:9-37:20
95            android:name="com.myAgeEducation.cbseClass6New.MainActivity"
95-->src\main\AndroidManifest.xml:34:13-73
96            android:label="@string/title_activity_main"
96-->src\main\AndroidManifest.xml:35:13-56
97            android:screenOrientation="portrait" >
97-->src\main\AndroidManifest.xml:36:13-49
98        </activity>
99        <activity
99-->src\main\AndroidManifest.xml:38:9-43:20
100            android:name="com.myAgeEducation.cbseClass6New.LoginSignupActivity"
100-->src\main\AndroidManifest.xml:39:13-80
101            android:label="Login Signup"
101-->src\main\AndroidManifest.xml:40:13-41
102            android:screenOrientation="portrait"
102-->src\main\AndroidManifest.xml:41:13-49
103            android:windowSoftInputMode="stateVisible|adjustPan" >
103-->src\main\AndroidManifest.xml:42:13-65
104        </activity>
105        <activity
105-->src\main\AndroidManifest.xml:45:9-54:20
106            android:name="com.myAgeEducation.cbseClass6New.SubjectList"
106-->src\main\AndroidManifest.xml:46:13-40
107            android:exported="true"
107-->src\main\AndroidManifest.xml:47:13-36
108            android:label="@string/title_activity_main"
108-->src\main\AndroidManifest.xml:48:13-58
109            android:screenOrientation="portrait" >
109-->src\main\AndroidManifest.xml:49:13-49
110            <intent-filter>
110-->src\main\AndroidManifest.xml:50:13-53:29
111                <action android:name="android.intent.action.MAIN" />
111-->src\main\AndroidManifest.xml:51:17-69
111-->src\main\AndroidManifest.xml:51:25-66
112
113                <category android:name="android.intent.category.LAUNCHER" />
113-->src\main\AndroidManifest.xml:52:17-77
113-->src\main\AndroidManifest.xml:52:27-74
114            </intent-filter>
115        </activity>
116        <activity
116-->src\main\AndroidManifest.xml:56:9-60:20
117            android:name="com.myAgeEducation.cbseClass6New.Chapters"
117-->src\main\AndroidManifest.xml:57:13-69
118            android:screenOrientation="portrait"
118-->src\main\AndroidManifest.xml:58:13-49
119            android:theme="@android:style/Theme.Light.NoTitleBar.Fullscreen" >
119-->src\main\AndroidManifest.xml:59:13-77
120        </activity>
121        <activity
121-->src\main\AndroidManifest.xml:61:9-65:20
122            android:name="com.myAgeEducation.cbseClass6New.TestReport"
122-->src\main\AndroidManifest.xml:62:13-71
123            android:label="@string/title_test_report"
123-->src\main\AndroidManifest.xml:63:13-54
124            android:screenOrientation="portrait" >
124-->src\main\AndroidManifest.xml:64:13-49
125        </activity>
126        <activity
126-->src\main\AndroidManifest.xml:66:9-69:20
127            android:name="com.myAgeEducation.cbseClass6New.ScoreHistory"
127-->src\main\AndroidManifest.xml:67:13-73
128            android:screenOrientation="portrait" >
128-->src\main\AndroidManifest.xml:68:13-49
129        </activity>
130        <activity
130-->src\main\AndroidManifest.xml:70:9-74:20
131            android:name="com.myAgeEducation.cbseClass6New.Settings"
131-->src\main\AndroidManifest.xml:71:13-69
132            android:label="@string/title_settings"
132-->src\main\AndroidManifest.xml:72:13-51
133            android:screenOrientation="portrait" >
133-->src\main\AndroidManifest.xml:73:13-49
134        </activity>
135        <activity
135-->src\main\AndroidManifest.xml:75:9-79:20
136            android:name="com.myAgeEducation.cbseClass6New.SettingsActivity"
136-->src\main\AndroidManifest.xml:76:13-77
137            android:label="@string/title_settings"
137-->src\main\AndroidManifest.xml:77:13-51
138            android:screenOrientation="portrait" >
138-->src\main\AndroidManifest.xml:78:13-49
139        </activity>
140        <activity
140-->src\main\AndroidManifest.xml:80:9-84:20
141            android:name="com.myAgeEducation.cbseClass6New.PointSettings"
141-->src\main\AndroidManifest.xml:81:13-74
142            android:label="Points Settings"
142-->src\main\AndroidManifest.xml:82:13-44
143            android:screenOrientation="portrait" >
143-->src\main\AndroidManifest.xml:83:13-49
144        </activity>
145        <activity
145-->src\main\AndroidManifest.xml:85:9-89:20
146            android:name="com.myAgeEducation.cbseClass6New.RewardsTable"
146-->src\main\AndroidManifest.xml:86:13-73
147            android:label="Rewards"
147-->src\main\AndroidManifest.xml:87:13-36
148            android:screenOrientation="portrait" >
148-->src\main\AndroidManifest.xml:88:13-49
149        </activity>
150        <activity
150-->src\main\AndroidManifest.xml:90:9-94:20
151            android:name="com.myAgeEducation.cbseClass6New.PointsTable"
151-->src\main\AndroidManifest.xml:91:13-72
152            android:label="Points Table"
152-->src\main\AndroidManifest.xml:92:13-41
153            android:screenOrientation="portrait" >
153-->src\main\AndroidManifest.xml:93:13-49
154        </activity>
155        <activity
155-->src\main\AndroidManifest.xml:95:9-99:20
156            android:name="com.myAgeEducation.cbseClass6New.StartMode"
156-->src\main\AndroidManifest.xml:96:13-70
157            android:label="Start Mode"
157-->src\main\AndroidManifest.xml:97:13-39
158            android:screenOrientation="portrait" >
158-->src\main\AndroidManifest.xml:98:13-49
159        </activity>
160        <activity
160-->src\main\AndroidManifest.xml:101:9-105:20
161            android:name="com.myAgeEducation.cbseClass6New.GetMore"
161-->src\main\AndroidManifest.xml:102:13-36
162            android:screenOrientation="portrait"
162-->src\main\AndroidManifest.xml:104:13-49
163            android:theme="@android:style/Theme.Light.NoTitleBar.Fullscreen" >
163-->src\main\AndroidManifest.xml:103:13-77
164        </activity>
165        <activity
165-->src\main\AndroidManifest.xml:107:9-111:20
166            android:name="com.myAgeEducation.cbseClass6New.ContestFirstPage"
166-->src\main\AndroidManifest.xml:108:13-45
167            android:label="Contest of the Month"
167-->src\main\AndroidManifest.xml:109:13-49
168            android:screenOrientation="portrait" >
168-->src\main\AndroidManifest.xml:110:13-49
169        </activity>
170        <activity
170-->src\main\AndroidManifest.xml:112:9-116:20
171            android:name="com.myAgeEducation.cbseClass6New.ContestSubjectList"
171-->src\main\AndroidManifest.xml:113:13-47
172            android:label="Subject List"
172-->src\main\AndroidManifest.xml:114:13-41
173            android:screenOrientation="portrait" >
173-->src\main\AndroidManifest.xml:115:13-49
174        </activity>
175        <activity
175-->src\main\AndroidManifest.xml:118:9-122:20
176            android:name="com.myAgeEducation.cbseClass6New.Registration"
176-->src\main\AndroidManifest.xml:119:13-41
177            android:label="Contest Registration Form"
177-->src\main\AndroidManifest.xml:120:13-54
178            android:screenOrientation="portrait" >
178-->src\main\AndroidManifest.xml:121:13-49
179        </activity>
180        <activity
180-->src\main\AndroidManifest.xml:124:9-128:20
181            android:name="com.myAgeEducation.cbseClass6New.ContestRules"
181-->src\main\AndroidManifest.xml:125:13-41
182            android:label="Contest Rules"
182-->src\main\AndroidManifest.xml:126:13-42
183            android:screenOrientation="portrait" >
183-->src\main\AndroidManifest.xml:127:13-49
184        </activity>
185        <activity
185-->src\main\AndroidManifest.xml:130:9-134:20
186            android:name="com.myAgeEducation.cbseClass6New.PrizeList"
186-->src\main\AndroidManifest.xml:131:13-38
187            android:label="Prize list"
187-->src\main\AndroidManifest.xml:132:13-39
188            android:screenOrientation="portrait" >
188-->src\main\AndroidManifest.xml:133:13-49
189        </activity>
190        <activity
190-->src\main\AndroidManifest.xml:136:9-140:20
191            android:name="com.myAgeEducation.cbseClass6New.ContestChapters"
191-->src\main\AndroidManifest.xml:137:13-44
192            android:label="Test Info"
192-->src\main\AndroidManifest.xml:138:13-38
193            android:screenOrientation="portrait" >
193-->src\main\AndroidManifest.xml:139:13-49
194        </activity>
195        <activity
195-->src\main\AndroidManifest.xml:142:9-146:20
196            android:name="com.myAgeEducation.cbseClass6New.WinnerList"
196-->src\main\AndroidManifest.xml:143:13-39
197            android:label="Winner List"
197-->src\main\AndroidManifest.xml:144:13-40
198            android:screenOrientation="portrait" >
198-->src\main\AndroidManifest.xml:145:13-49
199        </activity>
200        <activity
200-->src\main\AndroidManifest.xml:148:9-152:20
201            android:name="com.myAgeEducation.cbseClass6New.NewUpdateRegistration"
201-->src\main\AndroidManifest.xml:149:13-50
202            android:label="New/Update Registration"
202-->src\main\AndroidManifest.xml:150:13-52
203            android:screenOrientation="portrait" >
203-->src\main\AndroidManifest.xml:151:13-49
204        </activity>
205        <activity
205-->src\main\AndroidManifest.xml:154:9-158:20
206            android:name="com.myAgeEducation.cbseClass6New.UpdateRegistration"
206-->src\main\AndroidManifest.xml:155:13-47
207            android:label="Registration Update Form"
207-->src\main\AndroidManifest.xml:156:13-53
208            android:screenOrientation="portrait" >
208-->src\main\AndroidManifest.xml:157:13-49
209        </activity>
210        <activity
210-->src\main\AndroidManifest.xml:160:9-162:57
211            android:name="com.myAgeEducation.cbseClass6New.HcfCalculatorActivity"
211-->src\main\AndroidManifest.xml:160:19-56
212            android:label="LCM/HCF Calculator"
212-->src\main\AndroidManifest.xml:161:19-53
213            android:screenOrientation="portrait" />
213-->src\main\AndroidManifest.xml:162:19-55
214
215        <service
215-->[com.google.firebase:firebase-database:22.0.1] AndroidManifest.xml:26:9-35:19
216            android:name="com.google.firebase.components.ComponentDiscoveryService"
216-->[com.google.firebase:firebase-database:22.0.1] AndroidManifest.xml:27:13-84
217            android:directBootAware="true"
217-->[com.google.firebase:firebase-common:22.0.1] AndroidManifest.xml:32:13-43
218            android:exported="false" >
218-->[com.google.firebase:firebase-database:22.0.1] AndroidManifest.xml:28:13-37
219            <meta-data
219-->[com.google.firebase:firebase-database:22.0.1] AndroidManifest.xml:29:13-31:85
220                android:name="com.google.firebase.components:com.google.firebase.database.FirebaseDatabaseKtxRegistrar"
220-->[com.google.firebase:firebase-database:22.0.1] AndroidManifest.xml:30:17-120
221                android:value="com.google.firebase.components.ComponentRegistrar" />
221-->[com.google.firebase:firebase-database:22.0.1] AndroidManifest.xml:31:17-82
222            <meta-data
222-->[com.google.firebase:firebase-database:22.0.1] AndroidManifest.xml:32:13-34:85
223                android:name="com.google.firebase.components:com.google.firebase.database.DatabaseRegistrar"
223-->[com.google.firebase:firebase-database:22.0.1] AndroidManifest.xml:33:17-109
224                android:value="com.google.firebase.components.ComponentRegistrar" />
224-->[com.google.firebase:firebase-database:22.0.1] AndroidManifest.xml:34:17-82
225            <meta-data
225-->[com.google.firebase:firebase-auth:24.1.0] AndroidManifest.xml:69:13-71:85
226                android:name="com.google.firebase.components:com.google.firebase.auth.FirebaseAuthRegistrar"
226-->[com.google.firebase:firebase-auth:24.1.0] AndroidManifest.xml:70:17-109
227                android:value="com.google.firebase.components.ComponentRegistrar" />
227-->[com.google.firebase:firebase-auth:24.1.0] AndroidManifest.xml:71:17-82
228            <meta-data
228-->[com.google.firebase:firebase-common:22.0.1] AndroidManifest.xml:35:13-37:85
229                android:name="com.google.firebase.components:com.google.firebase.FirebaseCommonKtxRegistrar"
229-->[com.google.firebase:firebase-common:22.0.1] AndroidManifest.xml:36:17-109
230                android:value="com.google.firebase.components.ComponentRegistrar" />
230-->[com.google.firebase:firebase-common:22.0.1] AndroidManifest.xml:37:17-82
231        </service>
232
233        <activity
233-->[com.google.firebase:firebase-auth:24.1.0] AndroidManifest.xml:29:9-46:20
234            android:name="com.google.firebase.auth.internal.GenericIdpActivity"
234-->[com.google.firebase:firebase-auth:24.1.0] AndroidManifest.xml:30:13-80
235            android:excludeFromRecents="true"
235-->[com.google.firebase:firebase-auth:24.1.0] AndroidManifest.xml:31:13-46
236            android:exported="true"
236-->[com.google.firebase:firebase-auth:24.1.0] AndroidManifest.xml:32:13-36
237            android:launchMode="singleTask"
237-->[com.google.firebase:firebase-auth:24.1.0] AndroidManifest.xml:33:13-44
238            android:theme="@android:style/Theme.Translucent.NoTitleBar" >
238-->[com.google.firebase:firebase-auth:24.1.0] AndroidManifest.xml:34:13-72
239            <intent-filter>
239-->[com.google.firebase:firebase-auth:24.1.0] AndroidManifest.xml:35:13-45:29
240                <action android:name="android.intent.action.VIEW" />
240-->[com.google.firebase:firebase-auth:24.1.0] AndroidManifest.xml:36:17-69
240-->[com.google.firebase:firebase-auth:24.1.0] AndroidManifest.xml:36:25-66
241
242                <category android:name="android.intent.category.DEFAULT" />
242-->[com.google.firebase:firebase-auth:24.1.0] AndroidManifest.xml:38:17-76
242-->[com.google.firebase:firebase-auth:24.1.0] AndroidManifest.xml:38:27-73
243                <category android:name="android.intent.category.BROWSABLE" />
243-->[com.google.firebase:firebase-auth:24.1.0] AndroidManifest.xml:39:17-78
243-->[com.google.firebase:firebase-auth:24.1.0] AndroidManifest.xml:39:27-75
244
245                <data
245-->[com.google.firebase:firebase-auth:24.1.0] AndroidManifest.xml:41:17-44:51
246                    android:host="firebase.auth"
246-->[com.google.firebase:firebase-auth:24.1.0] AndroidManifest.xml:42:21-49
247                    android:path="/"
247-->[com.google.firebase:firebase-auth:24.1.0] AndroidManifest.xml:43:21-37
248                    android:scheme="genericidp" />
248-->[com.google.firebase:firebase-auth:24.1.0] AndroidManifest.xml:44:21-48
249            </intent-filter>
250        </activity>
251        <activity
251-->[com.google.firebase:firebase-auth:24.1.0] AndroidManifest.xml:47:9-64:20
252            android:name="com.google.firebase.auth.internal.RecaptchaActivity"
252-->[com.google.firebase:firebase-auth:24.1.0] AndroidManifest.xml:48:13-79
253            android:excludeFromRecents="true"
253-->[com.google.firebase:firebase-auth:24.1.0] AndroidManifest.xml:49:13-46
254            android:exported="true"
254-->[com.google.firebase:firebase-auth:24.1.0] AndroidManifest.xml:50:13-36
255            android:launchMode="singleTask"
255-->[com.google.firebase:firebase-auth:24.1.0] AndroidManifest.xml:51:13-44
256            android:theme="@android:style/Theme.Translucent.NoTitleBar" >
256-->[com.google.firebase:firebase-auth:24.1.0] AndroidManifest.xml:52:13-72
257            <intent-filter>
257-->[com.google.firebase:firebase-auth:24.1.0] AndroidManifest.xml:53:13-63:29
258                <action android:name="android.intent.action.VIEW" />
258-->[com.google.firebase:firebase-auth:24.1.0] AndroidManifest.xml:36:17-69
258-->[com.google.firebase:firebase-auth:24.1.0] AndroidManifest.xml:36:25-66
259
260                <category android:name="android.intent.category.DEFAULT" />
260-->[com.google.firebase:firebase-auth:24.1.0] AndroidManifest.xml:38:17-76
260-->[com.google.firebase:firebase-auth:24.1.0] AndroidManifest.xml:38:27-73
261                <category android:name="android.intent.category.BROWSABLE" />
261-->[com.google.firebase:firebase-auth:24.1.0] AndroidManifest.xml:39:17-78
261-->[com.google.firebase:firebase-auth:24.1.0] AndroidManifest.xml:39:27-75
262
263                <data
263-->[com.google.firebase:firebase-auth:24.1.0] AndroidManifest.xml:41:17-44:51
264                    android:host="firebase.auth"
264-->[com.google.firebase:firebase-auth:24.1.0] AndroidManifest.xml:42:21-49
265                    android:path="/"
265-->[com.google.firebase:firebase-auth:24.1.0] AndroidManifest.xml:43:21-37
266                    android:scheme="recaptcha" />
266-->[com.google.firebase:firebase-auth:24.1.0] AndroidManifest.xml:44:21-48
267            </intent-filter>
268        </activity>
269
270        <uses-library
270-->[androidx.privacysandbox.ads:ads-adservices:1.0.0-beta05] AndroidManifest.xml:23:9-25:40
271            android:name="android.ext.adservices"
271-->[androidx.privacysandbox.ads:ads-adservices:1.0.0-beta05] AndroidManifest.xml:24:13-50
272            android:required="false" /> <!-- Include the AdActivity and InAppPurchaseActivity configChanges and themes. -->
272-->[androidx.privacysandbox.ads:ads-adservices:1.0.0-beta05] AndroidManifest.xml:25:13-37
273        <activity
273-->[com.google.android.gms:play-services-ads-api:25.4.0] AndroidManifest.xml:73:9-79:43
274            android:name="com.google.android.gms.ads.AdActivity"
274-->[com.google.android.gms:play-services-ads-api:25.4.0] AndroidManifest.xml:74:13-65
275            android:configChanges="keyboard|keyboardHidden|orientation|screenLayout|uiMode|screenSize|smallestScreenSize"
275-->[com.google.android.gms:play-services-ads-api:25.4.0] AndroidManifest.xml:75:13-122
276            android:enableOnBackInvokedCallback="false"
276-->[com.google.android.gms:play-services-ads-api:25.4.0] AndroidManifest.xml:76:13-56
277            android:exported="false"
277-->[com.google.android.gms:play-services-ads-api:25.4.0] AndroidManifest.xml:77:13-37
278            android:theme="@android:style/Theme.Translucent" />
278-->[com.google.android.gms:play-services-ads-api:25.4.0] AndroidManifest.xml:78:13-61
279
280        <provider
280-->[com.google.android.gms:play-services-ads-api:25.4.0] AndroidManifest.xml:81:9-86:43
281            android:name="com.google.android.gms.ads.MobileAdsInitProvider"
281-->[com.google.android.gms:play-services-ads-api:25.4.0] AndroidManifest.xml:82:13-76
282            android:authorities="com.myAgeEducation.cbseClass6New.mobileadsinitprovider"
282-->[com.google.android.gms:play-services-ads-api:25.4.0] AndroidManifest.xml:83:13-73
283            android:exported="false"
283-->[com.google.android.gms:play-services-ads-api:25.4.0] AndroidManifest.xml:84:13-37
284            android:initOrder="100" />
284-->[com.google.android.gms:play-services-ads-api:25.4.0] AndroidManifest.xml:85:13-36
285
286        <service
286-->[com.google.android.gms:play-services-ads-api:25.4.0] AndroidManifest.xml:88:9-92:43
287            android:name="com.google.android.gms.ads.AdService"
287-->[com.google.android.gms:play-services-ads-api:25.4.0] AndroidManifest.xml:89:13-64
288            android:enabled="true"
288-->[com.google.android.gms:play-services-ads-api:25.4.0] AndroidManifest.xml:90:13-35
289            android:exported="false" />
289-->[com.google.android.gms:play-services-ads-api:25.4.0] AndroidManifest.xml:91:13-37
290
291        <activity
291-->[com.google.android.gms:play-services-ads-api:25.4.0] AndroidManifest.xml:94:9-98:43
292            android:name="com.google.android.gms.ads.OutOfContextTestingActivity"
292-->[com.google.android.gms:play-services-ads-api:25.4.0] AndroidManifest.xml:95:13-82
293            android:configChanges="keyboard|keyboardHidden|orientation|screenLayout|uiMode|screenSize|smallestScreenSize"
293-->[com.google.android.gms:play-services-ads-api:25.4.0] AndroidManifest.xml:96:13-122
294            android:exported="false" />
294-->[com.google.android.gms:play-services-ads-api:25.4.0] AndroidManifest.xml:97:13-37
295        <activity
295-->[com.google.android.gms:play-services-ads-api:25.4.0] AndroidManifest.xml:99:9-106:43
296            android:name="com.google.android.gms.ads.NotificationHandlerActivity"
296-->[com.google.android.gms:play-services-ads-api:25.4.0] AndroidManifest.xml:100:13-82
297            android:excludeFromRecents="true"
297-->[com.google.android.gms:play-services-ads-api:25.4.0] AndroidManifest.xml:101:13-46
298            android:exported="false"
298-->[com.google.android.gms:play-services-ads-api:25.4.0] AndroidManifest.xml:102:13-37
299            android:launchMode="singleTask"
299-->[com.google.android.gms:play-services-ads-api:25.4.0] AndroidManifest.xml:103:13-44
300            android:taskAffinity=""
300-->[com.google.android.gms:play-services-ads-api:25.4.0] AndroidManifest.xml:104:13-36
301            android:theme="@android:style/Theme.Translucent.NoTitleBar" />
301-->[com.google.android.gms:play-services-ads-api:25.4.0] AndroidManifest.xml:105:13-72
302
303        <meta-data